\BOOKMARK [1][-]{section.1}{Introdu\347\343o}{}% 1
\BOOKMARK [1][-]{section.2}{Descri\347\343o da Planta}{}% 2
\BOOKMARK [1][-]{section.3}{Especifica\347\343o do Desempenho Desejado}{}% 3
\BOOKMARK [1][-]{section.4}{Modelagem Matem\341tica da Planta}{}% 4
\BOOKMARK [2][-]{subsection.4.1}{Modelagem do \342ngulo de arfagem \(pitch\)}{section.4}% 5
\BOOKMARK [2][-]{subsection.4.2}{Modelagem do \342ngulo de guinada \(yaw\)}{section.4}% 6
\BOOKMARK [2][-]{subsection.4.3}{Modelagem do cross-pitch}{section.4}% 7
\BOOKMARK [2][-]{subsection.4.4}{Modelagem do cross-yaw}{section.4}% 8
\BOOKMARK [2][-]{subsection.4.5}{Modelos Identificados}{section.4}% 9
\BOOKMARK [1][-]{section.5}{Valida\347\343o do Modelo}{}% 10
\BOOKMARK [2][-]{subsection.5.1}{Valida\347\343o do Modelo do pitch}{section.5}% 11
\BOOKMARK [2][-]{subsection.5.2}{Valida\347\343o do Modelo do yaw}{section.5}% 12
\BOOKMARK [2][-]{subsection.5.3}{Valida\347\343o do Modelo do cross-pitch}{section.5}% 13
\BOOKMARK [2][-]{subsection.5.4}{Valida\347\343o do Modelo do cross-yaw}{section.5}% 14
\BOOKMARK [1][-]{section.6}{Desacoplamento}{}% 15
\BOOKMARK [2][-]{subsection.6.1}{Projeto dos Desacopladores}{section.6}% 16
\BOOKMARK [2][-]{subsection.6.2}{Valida\347\343o do Desacoplamento}{section.6}% 17
\BOOKMARK [1][-]{section.7}{Controle por Realimenta\347\343o de Estados}{}% 18
\BOOKMARK [1][-]{section.8}{Controle PID}{}% 19
\BOOKMARK [1][-]{section.9}{Resultados Experimentais em MF}{}% 20
\BOOKMARK [2][-]{subsection.9.1}{Teste do Controlador na Planta}{section.9}% 21
\BOOKMARK [2][-]{subsection.9.2}{An\341lise de Desempenho}{section.9}% 22
\BOOKMARK [1][-]{section.10}{Conclus\365es}{}% 23
\BOOKMARK [1][-]{section*.39}{Refer\352ncias}{}% 24
